Determining if the C compiler works failed with the following output:
Change Dir: /home/therring/Workspace/optic/release/CMakeFiles/CMakeTmp

Run Build Command:"/usr/bin/gmake" "cmTC_52c83/fast"
No such file or directory
Generator: execution of make failed. Make command was: "/usr/bin/gmake" "cmTC_52c83/fast"


Determining if the C compiler works failed with the following output:
Change Dir: /home/therring/Workspace/optic/release/CMakeFiles/CMakeTmp

Run Build Command:"/usr/bin/gmake" "cmTC_ac26a/fast"
No such file or directory
Generator: execution of make failed. Make command was: "/usr/bin/gmake" "cmTC_ac26a/fast"


Determining if the C compiler works failed with the following output:
Change Dir: /home/therring/Workspace/optic/release/CMakeFiles/CMakeTmp

Run Build Command:"/usr/bin/gmake" "cmTC_31dd0/fast"
No such file or directory
Generator: execution of make failed. Make command was: "/usr/bin/gmake" "cmTC_31dd0/fast"


Determining if the pthread_create exist failed with the following output:
Change Dir: /home/therring/Workspace/optic/release/CMakeFiles/CMakeTmp

Run Build Command:"/usr/bin/gmake" "cmTC_4a257/fast"
/usr/bin/gmake -f CMakeFiles/cmTC_4a257.dir/build.make CMakeFiles/cmTC_4a257.dir/build
gmake[1]: Entering directory '/Workspace/optic/release/CMakeFiles/CMakeTmp'
Building C object CMakeFiles/cmTC_4a257.dir/CheckSymbolExists.c.o
/usr/bin/cc    -o CMakeFiles/cmTC_4a257.dir/CheckSymbolExists.c.o   -c /home/therring/Workspace/optic/release/CMakeFiles/CMakeTmp/CheckSymbolExists.c
Linking C executable cmTC_4a257
/usr/bin/cmake -E cmake_link_script CMakeFiles/cmTC_4a257.dir/link.txt --verbose=1
/usr/bin/cc      -rdynamic CMakeFiles/cmTC_4a257.dir/CheckSymbolExists.c.o  -o cmTC_4a257 
CMakeFiles/cmTC_4a257.dir/CheckSymbolExists.c.o: In function `main':
CheckSymbolExists.c:(.text+0x1b): undefined reference to `pthread_create'
collect2: error: ld returned 1 exit status
CMakeFiles/cmTC_4a257.dir/build.make:97: recipe for target 'cmTC_4a257' failed
gmake[1]: *** [cmTC_4a257] Error 1
gmake[1]: Leaving directory '/Workspace/optic/release/CMakeFiles/CMakeTmp'
Makefile:126: recipe for target 'cmTC_4a257/fast' failed
gmake: *** [cmTC_4a257/fast] Error 2

File /home/therring/Workspace/optic/release/CMakeFiles/CMakeTmp/CheckSymbolExists.c:
/* */
#include <pthread.h>

int main(int argc, char** argv)
{
  (void)argv;
#ifndef pthread_create
  return ((int*)(&pthread_create))[argc];
#else
  (void)argc;
  return 0;
#endif
}

Determining if the function pthread_create exists in the pthreads failed with the following output:
Change Dir: /home/therring/Workspace/optic/release/CMakeFiles/CMakeTmp

Run Build Command:"/usr/bin/gmake" "cmTC_904d2/fast"
/usr/bin/gmake -f CMakeFiles/cmTC_904d2.dir/build.make CMakeFiles/cmTC_904d2.dir/build
gmake[1]: Entering directory '/Workspace/optic/release/CMakeFiles/CMakeTmp'
Building C object CMakeFiles/cmTC_904d2.dir/CheckFunctionExists.c.o
/usr/bin/cc   -DCHECK_FUNCTION_EXISTS=pthread_create   -o CMakeFiles/cmTC_904d2.dir/CheckFunctionExists.c.o   -c /usr/share/cmake-3.10/Modules/CheckFunctionExists.c
Linking C executable cmTC_904d2
/usr/bin/cmake -E cmake_link_script CMakeFiles/cmTC_904d2.dir/link.txt --verbose=1
/usr/bin/cc  -DCHECK_FUNCTION_EXISTS=pthread_create    -rdynamic CMakeFiles/cmTC_904d2.dir/CheckFunctionExists.c.o  -o cmTC_904d2 -lpthreads 
/usr/bin/ld: cannot find -lpthreads
collect2: error: ld returned 1 exit status
CMakeFiles/cmTC_904d2.dir/build.make:97: recipe for target 'cmTC_904d2' failed
gmake[1]: *** [cmTC_904d2] Error 1
gmake[1]: Leaving directory '/Workspace/optic/release/CMakeFiles/CMakeTmp'
Makefile:126: recipe for target 'cmTC_904d2/fast' failed
gmake: *** [cmTC_904d2/fast] Error 2


